2023-09-12 16:50:01,057 INFO [Log] Launch Browser 
2023-09-12 16:50:05,569 INFO [Log] Loin Comleted 
2023-09-12 16:50:08,881 INFO [Log] Lougout Successful 
2023-09-12 16:50:10,482 INFO [Log] close browser 
2023-09-12 16:50:14,754 INFO [Log] Launch Browser 
2023-09-12 16:50:16,249 INFO [Log] Loin Comleted 
2023-09-12 16:50:19,740 INFO [Log] Mouse Over 
2023-09-12 16:50:28,073 INFO [Log] Lougout Successful 
2023-09-12 16:50:32,393 INFO [Log] close browser 
2023-09-12 16:50:36,272 INFO [Log] Launch Browser 
2023-09-12 16:50:39,746 INFO [Log] Loin Comleted 
2023-09-12 16:50:54,826 INFO [Log] Lougout Successful 
2023-09-12 16:50:58,226 INFO [Log] close browser 
2023-09-12 16:51:04,695 INFO [Log] Launch Browser 
2023-09-12 16:51:06,035 INFO [Log] Loin Comleted 
2023-09-12 16:51:29,098 INFO [Log] Lougout Successful 
2023-09-12 16:51:29,162 INFO [Log] close browser 
2023-09-12 16:51:33,279 INFO [Log] Launch Browser 
2023-09-12 16:51:40,099 INFO [Log] Loin Comleted 
2023-09-12 16:52:10,568 INFO [Log] Launch Browser 
2023-09-12 16:52:17,054 INFO [Log] Loin Comleted 
2023-09-14 02:20:00,367 INFO [Log] Launch Browser 
2023-09-14 02:20:09,384 INFO [Log] Loin Comleted 
2023-09-14 02:20:49,212 INFO [Log] Launch Browser 
2023-09-14 02:20:53,475 INFO [Log] Loin Comleted 
2023-09-14 02:20:56,777 INFO [Log] Lougout Successful 
2023-09-14 02:20:58,403 INFO [Log] close browser 
2023-09-14 02:21:02,161 INFO [Log] Launch Browser 
2023-09-14 02:21:03,686 INFO [Log] Loin Comleted 
2023-09-14 02:21:07,194 INFO [Log] Mouse Over 
2023-09-14 02:21:18,964 INFO [Log] Lougout Successful 
2023-09-14 02:21:23,119 INFO [Log] close browser 
2023-09-14 02:21:27,270 INFO [Log] Launch Browser 
2023-09-14 02:21:30,635 INFO [Log] Loin Comleted 
2023-09-14 02:21:45,796 INFO [Log] Lougout Successful 
2023-09-14 02:21:48,987 INFO [Log] close browser 
2023-09-14 02:21:54,802 INFO [Log] Launch Browser 
2023-09-14 02:21:56,201 INFO [Log] Loin Comleted 
2023-09-14 02:22:19,340 INFO [Log] Lougout Successful 
2023-09-14 02:22:19,399 INFO [Log] close browser 
2023-09-14 02:22:23,354 INFO [Log] Launch Browser 
2023-09-14 02:22:29,852 INFO [Log] Loin Comleted 
2023-09-14 02:23:12,804 INFO [Log] Lougout Successful 
2023-09-14 02:23:20,904 INFO [Log] close browser 
2023-09-14 02:23:29,942 INFO [Log] Launch Browser 
2023-09-14 02:23:36,186 INFO [Log] Loin Comleted 
